This is pdfTeX, Version 3.1415926-2.4-1.40.13 (TeX Live 2012/Debian) (format=latex 2013.9.11)  27 SEP 2013 12:25
entering extended mode
 restricted \write18 enabled.
 %&-line parsing enabled.
**manual
(./manual.tex
LaTeX2e <2011/06/27>
Babel <v3.8m> and hyphenation patterns for english, dumylang, nohyphenation, lo
aded.
(/usr/share/texlive/texmf-dist/tex/latex/base/latex209.def
File: latex209.def 1998/05/13 v0.52 Standard LaTeX file


          Entering LaTeX 2.09 COMPATIBILITY MODE
 *************************************************************
    !!WARNING!!    !!WARNING!!    !!WARNING!!    !!WARNING!!   
 
 This mode attempts to provide an emulation of the LaTeX 2.09
 author environment so that OLD documents can be successfully
 processed. It should NOT be used for NEW documents!
 
 New documents should use Standard LaTeX conventions and start
 with the \documentclass command.
 
 Compatibility mode is UNLIKELY TO WORK with LaTeX 2.09 style
 files that change any internal macros, especially not with
 those that change the FONT SELECTION or OUTPUT ROUTINES.
 
 Therefore such style files MUST BE UPDATED to use
          Current Standard LaTeX: LaTeX2e.
 If you suspect that you may be using such a style file, which
 is probably very, very old by now, then you should attempt to
 get it updated by sending a copy of this error message to the
 author of that file.
 *************************************************************

\footheight=\dimen102
\@maxsep=\dimen103
\@dblmaxsep=\dimen104
\@cla=\count79
\@clb=\count80
\mscount=\count81
(/usr/share/texlive/texmf-dist/tex/latex/base/tracefnt.sty
Package: tracefnt 1997/05/29 v3.0j Standard LaTeX package (font tracing)
\tracingfonts=\count82
LaTeX Info: Redefining \selectfont on input line 101.
)
\symbold=\mathgroup4
\symsans=\mathgroup5
\symtypewriter=\mathgroup6
\symitalic=\mathgroup7
\symsmallcaps=\mathgroup8
\symslanted=\mathgroup9
LaTeX Font Info:    Redeclaring math alphabet \mathbf on input line 293.
LaTeX Font Info:    Redeclaring math alphabet \mathsf on input line 294.
LaTeX Font Info:    Redeclaring math alphabet \mathtt on input line 295.
LaTeX Font Info:    Redeclaring math alphabet \mathit on input line 301.
LaTeX Info: Redefining \em on input line 311.

(/usr/share/texlive/texmf-dist/tex/latex/base/latexsym.sty
Package: latexsym 1998/08/17 v2.2e Standard LaTeX package (lasy symbols)
\symlasy=\mathgroup10
LaTeX Font Info:    Overwriting symbol font `lasy' in version `bold'
(Font)                  U/lasy/m/n --> U/lasy/b/n on input line 47.
)
LaTeX Font Info:    Redeclaring math delimiter \lgroup on input line 375.
LaTeX Font Info:    Redeclaring math delimiter \rgroup on input line 377.
LaTeX Font Info:    Redeclaring math delimiter \bracevert on input line 379.
)
(/usr/share/texlive/texmf-dist/tex/latex/base/book.cls
Document Class: book 2007/10/19 v1.4h Standard LaTeX document class
(/usr/share/texlive/texmf-dist/tex/latex/base/bk10.clo
File: bk10.clo 2007/10/19 v1.4h Standard LaTeX file (size option)
)
\c@part=\count83
\c@chapter=\count84
\c@section=\count85
\c@subsection=\count86
\c@subsubsection=\count87
\c@paragraph=\count88
\c@subparagraph=\count89
\c@figure=\count90
\c@table=\count91
\abovecaptionskip=\skip41
\belowcaptionskip=\skip42
Compatibility mode: definition of \rm ignored.
Compatibility mode: definition of \sf ignored.
Compatibility mode: definition of \tt ignored.
Compatibility mode: definition of \bf ignored.
Compatibility mode: definition of \it ignored.
Compatibility mode: definition of \sl ignored.
Compatibility mode: definition of \sc ignored.
LaTeX Info: Redefining \cal on input line 592.
LaTeX Info: Redefining \mit on input line 593.
\bibindent=\dimen105
) (./manual.aux)
\openout1 = `manual.aux'.

LaTeX Font Info:    Checking defaults for OML/cmm/m/it on input line 2.
LaTeX Font Info:    ... okay on input line 2.
LaTeX Font Info:    Checking defaults for T1/cmr/m/n on input line 2.
LaTeX Font Info:    ... okay on input line 2.
LaTeX Font Info:    Checking defaults for OT1/cmr/m/n on input line 2.
LaTeX Font Info:    ... okay on input line 2.
LaTeX Font Info:    Checking defaults for OMS/cmsy/m/n on input line 2.
LaTeX Font Info:    ... okay on input line 2.
LaTeX Font Info:    Checking defaults for OMX/cmex/m/n on input line 2.
LaTeX Font Info:    ... okay on input line 2.
LaTeX Font Info:    Checking defaults for U/cmr/m/n on input line 2.
LaTeX Font Info:    ... okay on input line 2.
LaTeX Font Info:    External font `cmex10' loaded for size
(Font)              <12> on input line 26.
LaTeX Font Info:    External font `cmex10' loaded for size
(Font)              <8> on input line 26.
LaTeX Font Info:    External font `cmex10' loaded for size
(Font)              <6> on input line 26.
LaTeX Font Info:    Try loading font information for U+lasy on input line 26.

(/usr/share/texlive/texmf-dist/tex/latex/base/ulasy.fd
File: ulasy.fd 1998/08/17 v2.2e LaTeX symbol font definitions
)
Overfull \hbox (27.83704pt too wide) in paragraph at lines 26--26
 [][] 
 []

[0


] (./manual.toc
LaTeX Font Info:    External font `cmex10' loaded for size
(Font)              <7> on input line 2.
LaTeX Font Info:    External font `cmex10' loaded for size
(Font)              <5> on input line 2.
 [1

])
\tf@toc=\write3
\openout3 = `manual.toc'.

 [2]
Chapter 1.
LaTeX Font Info:    Try loading font information for OMS+cmr on input line 52.
(/usr/share/texlive/texmf-dist/tex/latex/base/omscmr.fd
File: omscmr.fd 1999/05/25 v2.5h Standard LaTeX font definitions
)
LaTeX Font Info:    Font shape `OMS/cmr/m/n' in size <10> not available
(Font)              Font shape `OMS/cmsy/m/n' tried instead on input line 52.
 [3

] [4] [5] [6]
Chapter 2.
[7

] [8] [9] [10

]
Chapter 3.

Overfull \hbox (14.3855pt too wide) in paragraph at lines 306--312
[]\OT1/cmr/m/n/10 then copy the rel-e-vant Nu-mer-i-cal Recipes rou-tines to th
e nu-mer-i-cal[]recipes/
 []

[11] [12] [13] [14] [15] [16] [17]
Overfull \hbox (0.91536pt too wide) in paragraph at lines 623--630
[]\OT1/cmr/m/n/10 Output model: (Op-tional, but manda-tory if Mode is In-ver-si
on). Name
 []

[18] [19]
Overfull \hbox (1.13759pt too wide) in paragraph at lines 700--702
[]\OT1/cmr/m/n/10 Gravity: (Op-tional, de-fault= 2.7414e+4). Sur-face grav-ity 
(in cm s$[]$).
 []

Missing character: There is no Ã in font cmr10!
Missing character: There is no ¨ in font cmr10!
[20] [21] [22] [23] [24]
Overfull \hbox (2.27646pt too wide) in paragraph at lines 916--917
[]\OT1/cmr/m/n/10 NMU: (Op-tional, de-fault=3). Num-ber of points in the an-gu-
lar quadra-
 []


Overfull \hbox (21.92458pt too wide) in paragraph at lines 936--939
[]\OT1/cmr/m/n/10 Finally, we can op-tion-ally have a sec-tion about abun-dance
s in NICOLE.input.
 []

[25] [26]
Overfull \hbox (5.38739pt too wide) in paragraph at lines 1033--1045
[]\OT1/cmr/m/n/10 The fol-low-ing lines de-scribe the depth-dependence of the m
odel. NICOLE
 []


Underfull \vbox (badness 5878) has occurred while \output is active []

 [27]
Overfull \hbox (15.28586pt too wide) in paragraph at lines 1085--1105
\OT1/cmr/m/n/10 b[]local[]y(1:nz), b[]local[]z(1:nz), v[]local[]x(1:nz), v[]loc
al[]y(1:nz), v[]local[]z(1:nz),
 []

[28] [29] [30]

LaTeX Warning: Reference `nicinp' on page 31 undefined on input line 1222.


Overfull \hbox (7.903pt too wide) in paragraph at lines 1234--1246
\OT1/cmr/m/n/10 plained in sec-tion 3.1.8[] be-low. You can read it in IDL with
 the read[]profile.pro
 []


Underfull \vbox (badness 10000) has occurred while \output is active []

 [31]
[32] [33]
Underfull \vbox (badness 10000) has occurred while \output is active []

 [34]
Overfull \hbox (9.45218pt too wide) in paragraph at lines 1412--1422
[]\OT1/cmr/m/n/10 The de-fault weights can be over-rid-den by cre-at-ing a file
 named Weights.pro
 []

[35] [36] [37] [38] [39] [40

]
Chapter 4.
[41]
Overfull \hbox (14.88521pt too wide) in paragraph at lines 1714--1717
\OT1/cmr/m/n/10 This can make NICOLE crash un-der some cir-cum-stances. A sim-p
le workaround
 []


Overfull \hbox (5.53212pt too wide) in paragraph at lines 1719--1719
[]\OT1/cmtt/m/n/10 ./create_makefile.py --otherflags='-fast -O3 -heap-arrays 16
00'[] 
 []

[42]
Overfull \hbox (0.28217pt too wide) in paragraph at lines 1756--1756
[]\OT1/cmtt/m/n/10 ./run_tests.py --nicolecommand='mpirun -n 8 ../../main/nicol
e'[] 
 []


Overfull \hbox (5.53212pt too wide) in paragraph at lines 1776--1776
[]\OT1/cmtt/m/n/10 ./run_nicole.py --nicolecommand='mpirun -n 2 ../../main/nico
le'[] 
 []

[43] [44]
Overfull \hbox (0.28217pt too wide) in paragraph at lines 1846--1846
[]\OT1/cmtt/m/n/10 ./create_makefile.py --compiler=ifort --otherflags='-fast -r
8'[] 
 []

[45] [46

]
Chapter 5.
[47] [48] [49] [50] [51] [52] [53] [54] [55] [56] [57] [58]
Overfull \hbox (0.28217pt too wide) in paragraph at lines 2867--2867
[]\OT1/cmtt/m/n/10 ....................................../main/phys_constants.f
90[] 
 []

[59] [60] [61] [62] [63] [64] [65] [66] [67] [68] [69] [70] [71] [72

]
Chapter 6.

Overfull \hbox (17.56029pt too wide) detected at line 2906
\OML/cmm/m/it/10 ^^N\OT1/cmr/m/n/10 ([] \OML/cmm/m/it/10 ^^M\OT1/cmr/m/n/10 ) =
 \OMS/cmsy/m/n/10 ^^@ [] \OML/cmm/m/it/10 ^^M^^N^^M \OT1/cmr/m/n/10 = [] \OML/c
mm/m/it/10 ^^M[] [] ^^_[] [] ^^R^^N^^M[] \OMS/cmsy/m/n/10 ^^@ [] \OML/cmm/m/it/
10 ^^M[] [] ^^_[] [] ^^R^^N^^_[] \OMS/cmsy/m/n/10 ^^@ [] \OML/cmm/m/it/10 ^^M[]
 [] ^^R^^N^^M[] []:
 []

[73] [74]
Chapter 7.

Overfull \hbox (30.53215pt too wide) in paragraph at lines 2941--2941
 []\OT1/cmtt/m/n/10 ./create_makefile --compiler='/absolutepathtoyourmpi/bin/mp
if90[] 
 []

[75

] [76]
Overfull \hbox (2.26549pt too wide) in paragraph at lines 2991--2993
[]\OT1/cmr/bx/n/10 I mod-i-fied the source code and now some-thing is go-ing wr
ong.
 []

[77] [78

]
Chapter 8.
[79] [80

]
Chapter 9.
[81] (./manual.aux)

LaTeX Warning: There were undefined references.

 ) 
Here is how much of TeX's memory you used:
 462 strings out of 495060
 5381 string characters out of 3182053
 82136 words of memory out of 3000000
 3679 multiletter control sequences out of 15000+200000
 19815 words of font info for 72 fonts, out of 3000000 for 9000
 14 hyphenation exceptions out of 8191
 23i,7n,21p,169b,313s stack positions out of 5000i,500n,10000p,200000b,50000s

Output written on manual.dvi (82 pages, 198280 bytes).
