 Format version: 1.0
  -1.000000      -1.000000      -1.000000    
         -6.0   4082.553   -0.100000E+01   0.600000E+05  -0.100000E+01  -0.100000E+01  -0.100000E+01  -0.100000E+01
         -4.0     -1.000   -0.100000E+01   0.600000E+05  -0.100000E+01  -0.100000E+01  -0.100000E+01  -0.100000E+01
         -3.9     -1.000   -0.100000E+01   0.600000E+05  -0.100000E+01  -0.100000E+01  -0.100000E+01  -0.100000E+01
         -3.8     -1.000   -0.100000E+01   0.600000E+05  -0.100000E+01  -0.100000E+01  -0.100000E+01  -0.100000E+01
         -3.7     -1.000   -0.100000E+01   0.600000E+05  -0.100000E+01  -0.100000E+01  -0.100000E+01  -0.100000E+01
         -3.6    951.312   -0.100000E+01   0.600000E+05  -0.100000E+01  -0.100000E+01  -0.100000E+01  -0.100000E+01
         -3.5     -1.000   -0.100000E+01   0.600000E+05  -0.100000E+01  -0.100000E+01  -0.100000E+01  -0.100000E+01
         -3.4     -1.000   -0.100000E+01   0.600000E+05  -0.100000E+01  -0.100000E+01  -0.100000E+01  -0.100000E+01
         -3.3     -1.000   -0.100000E+01   0.600000E+05  -0.100000E+01  -0.100000E+01  -0.100000E+01  -0.100000E+01
         -3.2     -1.000   -0.100000E+01   0.600000E+05  -0.100000E+01  -0.100000E+01  -0.100000E+01  -0.100000E+01
         -3.1     -1.000   -0.100000E+01   0.600000E+05  -0.100000E+01  -0.100000E+01  -0.100000E+01  -0.100000E+01
         -3.0     -1.000   -0.100000E+01   0.600000E+05  -0.100000E+01  -0.100000E+01  -0.100000E+01  -0.100000E+01
         -2.9     -1.000   -0.100000E+01   0.600000E+05  -0.100000E+01  -0.100000E+01  -0.100000E+01  -0.100000E+01
         -2.8     -1.000   -0.100000E+01   0.600000E+05  -0.100000E+01  -0.100000E+01  -0.100000E+01  -0.100000E+01
         -2.7     -1.000   -0.100000E+01   0.600000E+05  -0.100000E+01  -0.100000E+01  -0.100000E+01  -0.100000E+01
         -2.6     -1.000   -0.100000E+01   0.600000E+05  -0.100000E+01  -0.100000E+01  -0.100000E+01  -0.100000E+01
         -2.5     -1.000   -0.100000E+01   0.600000E+05  -0.100000E+01  -0.100000E+01  -0.100000E+01  -0.100000E+01
         -2.4     -1.000   -0.100000E+01   0.600000E+05  -0.100000E+01  -0.100000E+01  -0.100000E+01  -0.100000E+01
         -2.3     -1.000   -0.100000E+01   0.600000E+05   0.196129E+03   0.604711E+05   0.382144E+03   0.478747E+03
         -2.2     -1.000   -0.100000E+01   0.600000E+05  -0.100000E+01  -0.100000E+01  -0.100000E+01  -0.100000E+01
         -2.1     -1.000   -0.100000E+01   0.600000E+05  -0.100000E+01  -0.100000E+01  -0.100000E+01  -0.100000E+01
         -2.0     -1.000   -0.100000E+01   0.600000E+05  -0.100000E+01  -0.100000E+01  -0.100000E+01  -0.100000E+01
         -1.9     -1.000   -0.100000E+01   0.600000E+05  -0.100000E+01  -0.100000E+01  -0.100000E+01  -0.100000E+01
         -1.8     -1.000   -0.100000E+01   0.600000E+05  -0.100000E+01  -0.100000E+01  -0.100000E+01  -0.100000E+01
         -1.7     -1.000   -0.100000E+01   0.600000E+05  -0.100000E+01  -0.100000E+01  -0.100000E+01  -0.100000E+01
         -1.6     -1.000   -0.100000E+01   0.600000E+05  -0.100000E+01  -0.100000E+01  -0.100000E+01  -0.100000E+01
         -1.5     -1.000   -0.100000E+01   0.600000E+05  -0.100000E+01  -0.100000E+01  -0.100000E+01  -0.100000E+01
         -1.4     -1.000   -0.100000E+01   0.600000E+05  -0.100000E+01  -0.100000E+01  -0.100000E+01  -0.100000E+01
         -1.3     -1.000   -0.100000E+01   0.600000E+05  -0.100000E+01  -0.100000E+01  -0.100000E+01  -0.100000E+01
         -1.2     -1.000   -0.100000E+01   0.600000E+05  -0.100000E+01  -0.100000E+01  -0.100000E+01  -0.100000E+01
         -1.1    116.247   -0.100000E+01   0.600000E+05  -0.100000E+01  -0.100000E+01  -0.100000E+01  -0.100000E+01
         -1.0     -1.000   -0.100000E+01   0.600000E+05  -0.100000E+01  -0.100000E+01  -0.100000E+01  -0.100000E+01
         -0.9     -1.000   -0.100000E+01   0.600000E+05  -0.100000E+01  -0.100000E+01  -0.100000E+01  -0.100000E+01
         -0.8     -1.000   -0.100000E+01   0.600000E+05  -0.100000E+01  -0.100000E+01  -0.100000E+01  -0.100000E+01
         -0.7     -1.000   -0.100000E+01   0.600000E+05  -0.100000E+01  -0.100000E+01  -0.100000E+01  -0.100000E+01
         -0.6     -1.000   -0.100000E+01   0.600000E+05  -0.100000E+01  -0.100000E+01  -0.100000E+01  -0.100000E+01
         -0.5     -1.000   -0.100000E+01   0.600000E+05  -0.100000E+01  -0.100000E+01  -0.100000E+01  -0.100000E+01
         -0.4     -1.000   -0.100000E+01   0.600000E+05  -0.100000E+01  -0.100000E+01  -0.100000E+01  -0.100000E+01
         -0.3     -1.000   -0.100000E+01   0.600000E+05  -0.100000E+01  -0.100000E+01  -0.100000E+01  -0.100000E+01
         -0.2     -1.000   -0.100000E+01   0.600000E+05  -0.100000E+01  -0.100000E+01  -0.100000E+01  -0.100000E+01
         -0.1     -1.000   -0.100000E+01   0.600000E+05  -0.100000E+01  -0.100000E+01  -0.100000E+01  -0.100000E+01
          0.0     -1.000   -0.100000E+01   0.600000E+05  -0.100000E+01  -0.100000E+01  -0.100000E+01  -0.100000E+01
          0.1     -1.000   -0.100000E+01   0.600000E+05  -0.100000E+01  -0.100000E+01  -0.100000E+01  -0.100000E+01
          0.2     -1.000   -0.100000E+01   0.600000E+05  -0.100000E+01  -0.100000E+01  -0.100000E+01  -0.100000E+01
          0.3     -1.000   -0.100000E+01   0.600000E+05  -0.100000E+01  -0.100000E+01  -0.100000E+01  -0.100000E+01
          0.4     -1.000   -0.100000E+01   0.600000E+05  -0.100000E+01  -0.100000E+01  -0.100000E+01  -0.100000E+01
          0.5     -1.000   -0.100000E+01   0.600000E+05  -0.100000E+01  -0.100000E+01  -0.100000E+01  -0.100000E+01
          0.6     -1.000   -0.100000E+01   0.600000E+05  -0.100000E+01  -0.100000E+01  -0.100000E+01  -0.100000E+01
          0.7     -1.000   -0.100000E+01   0.600000E+05  -0.100000E+01  -0.100000E+01  -0.100000E+01  -0.100000E+01
          0.8     -1.000   -0.100000E+01   0.600000E+05  -0.100000E+01  -0.100000E+01  -0.100000E+01  -0.100000E+01
          0.9     -1.000   -0.100000E+01   0.600000E+05  -0.100000E+01  -0.100000E+01  -0.100000E+01  -0.100000E+01
          1.0     -1.000   -0.100000E+01   0.600000E+05  -0.100000E+01  -0.100000E+01  -0.100000E+01  -0.100000E+01
          1.1     -1.000   -0.100000E+01   0.600000E+05  -0.100000E+01  -0.100000E+01  -0.100000E+01  -0.100000E+01
          1.2     -1.000   -0.100000E+01   0.600000E+05  -0.100000E+01  -0.100000E+01  -0.100000E+01  -0.100000E+01
          1.3     -1.000   -0.100000E+01   0.600000E+05  -0.100000E+01  -0.100000E+01  -0.100000E+01  -0.100000E+01
          1.4    226.203   -0.100000E+01   0.600000E+05  -0.100000E+01  -0.100000E+01  -0.100000E+01  -0.100000E+01
